# JRE version: OpenJDK Runtime Environment (11.0.11+9) (build 11.0.11+9-b60-7590822)
# Java VM: OpenJDK 64-Bit Server VM (11.0.11+9-b60-7590822, mixed mode, tiered, compressed oops, g1 gc, windows-amd64)
Heap:
 garbage-first heap   total 262144K, used 124760K [0x0000000080000000, 0x0000000100000000)
  region size 1024K, 23 young (23552K), 14 survivors (14336K)
 Metaspace       used 102422K, capacity 105591K, committed 105788K, reserved 1140736K
  class space    used 13328K, capacity 14542K, committed 14668K, reserved 1048576K
GC Heap History (20 events):
Event: 5.169 GC heap before
{Heap before GC invocations=6 (full 0):
 garbage-first heap   total 262144K, used 159393K [0x0000000080000000, 0x0000000100000000)
  region size 1024K, 129 young (132096K), 8 survivors (8192K)
 Metaspace       used 45789K, capacity 46878K, committed 46920K, reserved 1089536K
  class space    used 5984K, capacity 6386K, committed 6400K, reserved 1048576K
}
Event: 5.183 GC heap after
{Heap after GC invocations=7 (full 0):
 garbage-first heap   total 262144K, used 41812K [0x0000000080000000, 0x0000000100000000)
  region size 1024K, 16 young (16384K), 16 survivors (16384K)
 Metaspace       used 45789K, capacity 46878K, committed 46920K, reserved 1089536K
  class space    used 5984K, capacity 6386K, committed 6400K, reserved 1048576K
}
Event: 6.236 GC heap before
{Heap before GC invocations=7 (full 0):
 garbage-first heap   total 262144K, used 184148K [0x0000000080000000, 0x0000000100000000)
  region size 1024K, 151 young (154624K), 16 survivors (16384K)
 Metaspace       used 50380K, capacity 51949K, committed 52168K, reserved 1095680K
  class space    used 6385K, capacity 6914K, committed 7040K, reserved 1048576K
}
Event: 6.251 GC heap after
{Heap after GC invocations=8 (full 0):
 garbage-first heap   total 262144K, used 49135K [0x0000000080000000, 0x0000000100000000)
  region size 1024K, 13 young (13312K), 13 survivors (13312K)
 Metaspace       used 50380K, capacity 51949K, committed 52168K, reserved 1095680K
  class space    used 6385K, capacity 6914K, committed 7040K, reserved 1048576K
}
Event: 7.641 GC heap before
{Heap before GC invocations=8 (full 0):
 garbage-first heap   total 262144K, used 200687K [0x0000000080000000, 0x0000000100000000)
  region size 1024K, 153 young (156672K), 13 survivors (13312K)
 Metaspace       used 56733K, capacity 58558K, committed 58696K, reserved 1099776K
  class space    used 7319K, capacity 7933K, committed 7936K, reserved 1048576K
}
Event: 7.657 GC heap after
{Heap after GC invocations=9 (full 0):
 garbage-first heap   total 262144K, used 70661K [0x0000000080000000, 0x0000000100000000)
  region size 1024K, 18 young (18432K), 18 survivors (18432K)
 Metaspace       used 56733K, capacity 58558K, committed 58696K, reserved 1099776K
  class space    used 7319K, capacity 7933K, committed 7936K, reserved 1048576K
}
Event: 7.751 GC heap before
{Heap before GC invocations=9 (full 0):
 garbage-first heap   total 262144K, used 79877K [0x0000000080000000, 0x0000000100000000)
  region size 1024K, 28 young (28672K), 18 survivors (18432K)
 Metaspace       used 58039K, capacity 59826K, committed 59976K, reserved 1101824K
  class space    used 7463K, capacity 8101K, committed 8192K, reserved 1048576K
}
Event: 7.770 GC heap after
{Heap after GC invocations=10 (full 0):
 garbage-first heap   total 262144K, used 72631K [0x0000000080000000, 0x0000000100000000)
  region size 1024K, 3 young (3072K), 3 survivors (3072K)
 Metaspace       used 58039K, capacity 59826K, committed 59976K, reserved 1101824K
  class space    used 7463K, capacity 8101K, committed 8192K, reserved 1048576K
}
Event: 9.226 GC heap before
{Heap before GC invocations=11 (full 0):
 garbage-first heap   total 262144K, used 187319K [0x0000000080000000, 0x0000000100000000)
  region size 1024K, 115 young (117760K), 3 survivors (3072K)
 Metaspace       used 71612K, capacity 73593K, committed 73840K, reserved 1114112K
  class space    used 9152K, capacity 9840K, committed 9856K, reserved 1048576K
}
Event: 9.236 GC heap after
{Heap after GC invocations=12 (full 0):
 garbage-first heap   total 262144K, used 78523K [0x0000000080000000, 0x0000000100000000)
  region size 1024K, 9 young (9216K), 9 survivors (9216K)
 Metaspace       used 71612K, capacity 73593K, committed 73840K, reserved 1114112K
  class space    used 9152K, capacity 9840K, committed 9856K, reserved 1048576K
}
Event: 10.420 GC heap before
{Heap before GC invocations=12 (full 0):
 garbage-first heap   total 262144K, used 202427K [0x0000000080000000, 0x0000000100000000)
  region size 1024K, 121 young (123904K), 9 survivors (9216K)
 Metaspace       used 79841K, capacity 82116K, committed 82160K, reserved 1120256K
  class space    used 10450K, capacity 11263K, committed 11264K, reserved 1048576K
}
Event: 10.432 GC heap after
{Heap after GC invocations=13 (full 0):
 garbage-first heap   total 262144K, used 97574K [0x0000000080000000, 0x0000000100000000)
  region size 1024K, 16 young (16384K), 16 survivors (16384K)
 Metaspace       used 79841K, capacity 82116K, committed 82160K, reserved 1120256K
  class space    used 10450K, capacity 11263K, committed 11264K, reserved 1048576K
}
Event: 11.561 GC heap before
{Heap before GC invocations=13 (full 0):
 garbage-first heap   total 262144K, used 199974K [0x0000000080000000, 0x0000000100000000)
  region size 1024K, 115 young (117760K), 16 survivors (16384K)
 Metaspace       used 90988K, capacity 93273K, committed 93552K, reserved 1130496K
  class space    used 11782K, capacity 12629K, committed 12672K, reserved 1048576K
}
Event: 11.577 GC heap after
{Heap after GC invocations=14 (full 0):
 garbage-first heap   total 262144K, used 104071K [0x0000000080000000, 0x0000000100000000)
  region size 1024K, 7 young (7168K), 7 survivors (7168K)
 Metaspace       used 90988K, capacity 93273K, committed 93552K, reserved 1130496K
  class space    used 11782K, capacity 12629K, committed 12672K, reserved 1048576K
}
Event: 12.641 GC heap before
{Heap before GC invocations=14 (full 0):
 garbage-first heap   total 262144K, used 203399K [0x0000000080000000, 0x0000000100000000)
  region size 1024K, 105 young (107520K), 7 survivors (7168K)
 Metaspace       used 96353K, capacity 99139K, committed 99312K, reserved 1134592K
  class space    used 12538K, capacity 13540K, committed 13568K, reserved 1048576K
}
Event: 12.651 GC heap after
{Heap after GC invocations=15 (full 0):
 garbage-first heap   total 262144K, used 109070K [0x0000000080000000, 0x0000000100000000)
  region size 1024K, 12 young (12288K), 12 survivors (12288K)
 Metaspace       used 96353K, capacity 99139K, committed 99312K, reserved 1134592K
  class space    used 12538K, capacity 13540K, committed 13568K, reserved 1048576K
}
Event: 12.739 GC heap before
{Heap before GC invocations=15 (full 0):
 garbage-first heap   total 262144K, used 116238K [0x0000000080000000, 0x0000000100000000)
  region size 1024K, 20 young (20480K), 12 survivors (12288K)
 Metaspace       used 97699K, capacity 100627K, committed 100668K, reserved 1136640K
  class space    used 12754K, capacity 13859K, committed 13900K, reserved 1048576K
}
Event: 12.748 GC heap after
{Heap after GC invocations=16 (full 0):
 garbage-first heap   total 262144K, used 110172K [0x0000000080000000, 0x0000000100000000)
  region size 1024K, 8 young (8192K), 8 survivors (8192K)
 Metaspace       used 97699K, capacity 100627K, committed 100668K, reserved 1136640K
  class space    used 12754K, capacity 13859K, committed 13900K, reserved 1048576K
}
Event: 113.763 GC heap before
{Heap before GC invocations=17 (full 0):
 garbage-first heap   total 262144K, used 210524K [0x0000000080000000, 0x0000000100000000)
  region size 1024K, 107 young (109568K), 8 survivors (8192K)
 Metaspace       used 101967K, capacity 105153K, committed 105404K, reserved 1140736K
  class space    used 13263K, capacity 14462K, committed 14540K, reserved 1048576K
}
Event: 113.778 GC heap after
{Heap after GC invocations=18 (full 0):
 garbage-first heap   total 262144K, used 116568K [0x0000000080000000, 0x0000000100000000)
  region size 1024K, 14 young (14336K), 14 survivors (14336K)
 Metaspace       used 101967K, capacity 105153K, committed 105404K, reserved 1140736K
  class space    used 13263K, capacity 14462K, committed 14540K, reserved 1048576K
}

