# JRE version: OpenJDK Runtime Environment (11.0.11+9) (build 11.0.11+9-b60-7590822)
# Java VM: OpenJDK 64-Bit Server VM (11.0.11+9-b60-7590822, mixed mode, tiered, compressed oops, g1 gc, windows-amd64)
Heap:
 garbage-first heap   total 262144K, used 192471K [0x0000000080000000, 0x0000000100000000)
  region size 1024K, 90 young (92160K), 7 survivors (7168K)
 Metaspace       used 117228K, capacity 120902K, committed 121832K, reserved 1155072K
  class space    used 14842K, capacity 16233K, committed 16536K, reserved 1048576K
GC Heap History (20 events):
Event: 2084.930 GC heap before
{Heap before GC invocations=20 (full 0):
 garbage-first heap   total 262144K, used 208884K [0x0000000080000000, 0x0000000100000000)
  region size 1024K, 114 young (116736K), 15 survivors (15360K)
 Metaspace       used 114435K, capacity 118087K, committed 118256K, reserved 1150976K
  class space    used 14810K, capacity 16183K, committed 16280K, reserved 1048576K
}
Event: 2084.938 GC heap after
{Heap after GC invocations=21 (full 0):
 garbage-first heap   total 262144K, used 102380K [0x0000000080000000, 0x0000000100000000)
  region size 1024K, 7 young (7168K), 7 survivors (7168K)
 Metaspace       used 114435K, capacity 118087K, committed 118256K, reserved 1150976K
  class space    used 14810K, capacity 16183K, committed 16280K, reserved 1048576K
}
Event: 2470.541 GC heap before
{Heap before GC invocations=21 (full 0):
 garbage-first heap   total 262144K, used 218092K [0x0000000080000000, 0x0000000100000000)
  region size 1024K, 112 young (114688K), 7 survivors (7168K)
 Metaspace       used 114916K, capacity 118518K, committed 118768K, reserved 1153024K
  class space    used 14812K, capacity 16184K, committed 16280K, reserved 1048576K
}
Event: 2470.552 GC heap after
{Heap after GC invocations=22 (full 0):
 garbage-first heap   total 262144K, used 107417K [0x0000000080000000, 0x0000000100000000)
  region size 1024K, 12 young (12288K), 12 survivors (12288K)
 Metaspace       used 114916K, capacity 118518K, committed 118768K, reserved 1153024K
  class space    used 14812K, capacity 16184K, committed 16280K, reserved 1048576K
}
Event: 3170.175 GC heap before
{Heap before GC invocations=22 (full 0):
 garbage-first heap   total 262144K, used 213913K [0x0000000080000000, 0x0000000100000000)
  region size 1024K, 110 young (112640K), 12 survivors (12288K)
 Metaspace       used 115636K, capacity 119477K, committed 119664K, reserved 1153024K
  class space    used 14878K, capacity 16304K, committed 16408K, reserved 1048576K
}
Event: 3170.181 GC heap after
{Heap after GC invocations=23 (full 0):
 garbage-first heap   total 262144K, used 102189K [0x0000000080000000, 0x0000000100000000)
  region size 1024K, 6 young (6144K), 6 survivors (6144K)
 Metaspace       used 115636K, capacity 119477K, committed 119664K, reserved 1153024K
  class space    used 14878K, capacity 16304K, committed 16408K, reserved 1048576K
}
Event: 3170.858 GC heap before
{Heap before GC invocations=23 (full 0):
 garbage-first heap   total 262144K, used 175917K [0x0000000080000000, 0x0000000100000000)
  region size 1024K, 78 young (79872K), 6 survivors (6144K)
 Metaspace       used 116308K, capacity 120272K, committed 120296K, reserved 1153024K
  class space    used 14989K, capacity 16512K, committed 16536K, reserved 1048576K
}
Event: 3170.871 GC heap after
{Heap after GC invocations=24 (full 0):
 garbage-first heap   total 262144K, used 106073K [0x0000000080000000, 0x0000000100000000)
  region size 1024K, 8 young (8192K), 8 survivors (8192K)
 Metaspace       used 116308K, capacity 120272K, committed 120296K, reserved 1153024K
  class space    used 14989K, capacity 16512K, committed 16536K, reserved 1048576K
}
Event: 3524.829 GC heap before
{Heap before GC invocations=25 (full 0):
 garbage-first heap   total 262144K, used 217689K [0x0000000080000000, 0x0000000100000000)
  region size 1024K, 111 young (113664K), 8 survivors (8192K)
 Metaspace       used 115953K, capacity 119616K, committed 120552K, reserved 1153024K
  class space    used 14838K, capacity 16231K, committed 16536K, reserved 1048576K
}
Event: 3524.840 GC heap after
{Heap after GC invocations=26 (full 0):
 garbage-first heap   total 262144K, used 110526K [0x0000000080000000, 0x0000000100000000)
  region size 1024K, 14 young (14336K), 14 survivors (14336K)
 Metaspace       used 115953K, capacity 119616K, committed 120552K, reserved 1153024K
  class space    used 14838K, capacity 16231K, committed 16536K, reserved 1048576K
}
Event: 3524.853 GC heap before
{Heap before GC invocations=26 (full 0):
 garbage-first heap   total 262144K, used 111550K [0x0000000080000000, 0x0000000100000000)
  region size 1024K, 15 young (15360K), 14 survivors (14336K)
 Metaspace       used 115961K, capacity 119680K, committed 120808K, reserved 1153024K
  class space    used 14838K, capacity 16231K, committed 16536K, reserved 1048576K
}
Event: 3524.866 GC heap after
{Heap after GC invocations=27 (full 0):
 garbage-first heap   total 262144K, used 91748K [0x0000000080000000, 0x0000000100000000)
  region size 1024K, 2 young (2048K), 2 survivors (2048K)
 Metaspace       used 115961K, capacity 119680K, committed 120808K, reserved 1153024K
  class space    used 14838K, capacity 16231K, committed 16536K, reserved 1048576K
}
Event: 4029.240 GC heap before
{Heap before GC invocations=27 (full 0):
 garbage-first heap   total 262144K, used 215652K [0x0000000080000000, 0x0000000100000000)
  region size 1024K, 115 young (117760K), 2 survivors (2048K)
 Metaspace       used 116201K, capacity 119965K, committed 121064K, reserved 1155072K
  class space    used 14839K, capacity 16233K, committed 16536K, reserved 1048576K
}
Event: 4029.250 GC heap after
{Heap after GC invocations=28 (full 0):
 garbage-first heap   total 262144K, used 105288K [0x0000000080000000, 0x0000000100000000)
  region size 1024K, 14 young (14336K), 14 survivors (14336K)
 Metaspace       used 116201K, capacity 119965K, committed 121064K, reserved 1155072K
  class space    used 14839K, capacity 16233K, committed 16536K, reserved 1048576K
}
Event: 5550.576 GC heap before
{Heap before GC invocations=28 (full 0):
 garbage-first heap   total 262144K, used 210760K [0x0000000080000000, 0x0000000100000000)
  region size 1024K, 111 young (113664K), 14 survivors (14336K)
 Metaspace       used 116407K, capacity 120104K, committed 121064K, reserved 1155072K
  class space    used 14839K, capacity 16233K, committed 16536K, reserved 1048576K
}
Event: 5550.580 GC heap after
{Heap after GC invocations=29 (full 0):
 garbage-first heap   total 262144K, used 96555K [0x0000000080000000, 0x0000000100000000)
  region size 1024K, 3 young (3072K), 3 survivors (3072K)
 Metaspace       used 116407K, capacity 120104K, committed 121064K, reserved 1155072K
  class space    used 14839K, capacity 16233K, committed 16536K, reserved 1048576K
}
Event: 5619.111 GC heap before
{Heap before GC invocations=29 (full 0):
 garbage-first heap   total 262144K, used 217387K [0x0000000080000000, 0x0000000100000000)
  region size 1024K, 113 young (115712K), 3 survivors (3072K)
 Metaspace       used 116735K, capacity 120375K, committed 121320K, reserved 1155072K
  class space    used 14840K, capacity 16233K, committed 16536K, reserved 1048576K
}
Event: 5619.114 GC heap after
{Heap after GC invocations=30 (full 0):
 garbage-first heap   total 262144K, used 98433K [0x0000000080000000, 0x0000000100000000)
  region size 1024K, 3 young (3072K), 3 survivors (3072K)
 Metaspace       used 116735K, capacity 120375K, committed 121320K, reserved 1155072K
  class space    used 14840K, capacity 16233K, committed 16536K, reserved 1048576K
}
Event: 5708.760 GC heap before
{Heap before GC invocations=30 (full 0):
 garbage-first heap   total 262144K, used 214145K [0x0000000080000000, 0x0000000100000000)
  region size 1024K, 115 young (117760K), 3 survivors (3072K)
 Metaspace       used 116958K, capacity 120704K, committed 121576K, reserved 1155072K
  class space    used 14840K, capacity 16233K, committed 16536K, reserved 1048576K
}
Event: 5708.765 GC heap after
{Heap after GC invocations=31 (full 0):
 garbage-first heap   total 262144K, used 102359K [0x0000000080000000, 0x0000000100000000)
  region size 1024K, 7 young (7168K), 7 survivors (7168K)
 Metaspace       used 116958K, capacity 120704K, committed 121576K, reserved 1155072K
  class space    used 14840K, capacity 16233K, committed 16536K, reserved 1048576K
}

