# JRE version: OpenJDK Runtime Environment (11.0.11+9) (build 11.0.11+9-b60-7590822)
# Java VM: OpenJDK 64-Bit Server VM (11.0.11+9-b60-7590822, mixed mode, tiered, compressed oops, g1 gc, windows-amd64)
Heap:
 garbage-first heap   total 262144K, used 64651K [0x0000000080000000, 0x0000000100000000)
  region size 1024K, 33 young (33792K), 13 survivors (13312K)
 Metaspace       used 60468K, capacity 61947K, committed 62064K, reserved 1103872K
  class space    used 7687K, capacity 8239K, committed 8268K, reserved 1048576K
GC Heap History (14 events):
Event: 0.738 GC heap before
{Heap before GC invocations=0 (full 0):
 garbage-first heap   total 262144K, used 29696K [0x0000000080000000, 0x0000000100000000)
  region size 1024K, 24 young (24576K), 0 survivors (0K)
 Metaspace       used 10213K, capacity 10485K, committed 10624K, reserved 1058816K
  class space    used 1070K, capacity 1139K, committed 1152K, reserved 1048576K
}
Event: 0.742 GC heap after
{Heap after GC invocations=1 (full 0):
 garbage-first heap   total 262144K, used 9321K [0x0000000080000000, 0x0000000100000000)
  region size 1024K, 3 young (3072K), 3 survivors (3072K)
 Metaspace       used 10213K, capacity 10485K, committed 10624K, reserved 1058816K
  class space    used 1070K, capacity 1139K, committed 1152K, reserved 1048576K
}
Event: 5.260 GC heap before
{Heap before GC invocations=1 (full 0):
 garbage-first heap   total 262144K, used 106601K [0x0000000080000000, 0x0000000100000000)
  region size 1024K, 99 young (101376K), 3 survivors (3072K)
 Metaspace       used 20622K, capacity 21100K, committed 21296K, reserved 1069056K
  class space    used 2532K, capacity 2660K, committed 2688K, reserved 1048576K
}
Event: 5.270 GC heap after
{Heap after GC invocations=2 (full 0):
 garbage-first heap   total 262144K, used 17069K [0x0000000080000000, 0x0000000100000000)
  region size 1024K, 11 young (11264K), 11 survivors (11264K)
 Metaspace       used 20622K, capacity 21100K, committed 21296K, reserved 1069056K
  class space    used 2532K, capacity 2660K, committed 2688K, reserved 1048576K
}
Event: 8.619 GC heap before
{Heap before GC invocations=3 (full 0):
 garbage-first heap   total 262144K, used 77485K [0x0000000080000000, 0x0000000100000000)
  region size 1024K, 70 young (71680K), 11 survivors (11264K)
 Metaspace       used 26553K, capacity 27181K, committed 27440K, reserved 1073152K
  class space    used 3491K, capacity 3695K, committed 3712K, reserved 1048576K
}
Event: 8.626 GC heap after
{Heap after GC invocations=4 (full 0):
 garbage-first heap   total 262144K, used 19540K [0x0000000080000000, 0x0000000100000000)
  region size 1024K, 3 young (3072K), 3 survivors (3072K)
 Metaspace       used 26553K, capacity 27181K, committed 27440K, reserved 1073152K
  class space    used 3491K, capacity 3695K, committed 3712K, reserved 1048576K
}
Event: 9.862 GC heap before
{Heap before GC invocations=4 (full 0):
 garbage-first heap   total 262144K, used 70740K [0x0000000080000000, 0x0000000100000000)
  region size 1024K, 54 young (55296K), 3 survivors (3072K)
 Metaspace       used 34873K, capacity 35643K, committed 35708K, reserved 1081344K
  class space    used 4543K, capacity 4861K, committed 4864K, reserved 1048576K
}
Event: 9.871 GC heap after
{Heap after GC invocations=5 (full 0):
 garbage-first heap   total 262144K, used 22542K [0x0000000080000000, 0x0000000100000000)
  region size 1024K, 6 young (6144K), 6 survivors (6144K)
 Metaspace       used 34873K, capacity 35643K, committed 35708K, reserved 1081344K
  class space    used 4543K, capacity 4861K, committed 4864K, reserved 1048576K
}
Event: 12.394 GC heap before
{Heap before GC invocations=6 (full 0):
 garbage-first heap   total 262144K, used 136206K [0x0000000080000000, 0x0000000100000000)
  region size 1024K, 114 young (116736K), 6 survivors (6144K)
 Metaspace       used 44226K, capacity 45184K, committed 45384K, reserved 1089536K
  class space    used 5673K, capacity 6022K, committed 6092K, reserved 1048576K
}
Event: 12.403 GC heap after
{Heap after GC invocations=7 (full 0):
 garbage-first heap   total 262144K, used 29462K [0x0000000080000000, 0x0000000100000000)
  region size 1024K, 13 young (13312K), 13 survivors (13312K)
 Metaspace       used 44226K, capacity 45184K, committed 45384K, reserved 1089536K
  class space    used 5673K, capacity 6022K, committed 6092K, reserved 1048576K
}
Event: 35.120 GC heap before
{Heap before GC invocations=7 (full 0):
 garbage-first heap   total 262144K, used 159510K [0x0000000080000000, 0x0000000100000000)
  region size 1024K, 136 young (139264K), 13 survivors (13312K)
 Metaspace       used 52405K, capacity 53714K, committed 53960K, reserved 1095680K
  class space    used 6684K, capacity 7205K, committed 7244K, reserved 1048576K
}
Event: 35.136 GC heap after
{Heap after GC invocations=8 (full 0):
 garbage-first heap   total 262144K, used 44057K [0x0000000080000000, 0x0000000100000000)
  region size 1024K, 17 young (17408K), 17 survivors (17408K)
 Metaspace       used 52405K, capacity 53714K, committed 53960K, reserved 1095680K
  class space    used 6684K, capacity 7205K, committed 7244K, reserved 1048576K
}
Event: 45.872 GC heap before
{Heap before GC invocations=8 (full 0):
 garbage-first heap   total 262144K, used 83993K [0x0000000080000000, 0x0000000100000000)
  region size 1024K, 57 young (58368K), 17 survivors (17408K)
 Metaspace       used 58550K, capacity 59947K, committed 60068K, reserved 1101824K
  class space    used 7459K, capacity 7999K, committed 8012K, reserved 1048576K
}
Event: 45.894 GC heap after
{Heap after GC invocations=9 (full 0):
 garbage-first heap   total 262144K, used 46219K [0x0000000080000000, 0x0000000100000000)
  region size 1024K, 13 young (13312K), 13 survivors (13312K)
 Metaspace       used 58550K, capacity 59947K, committed 60068K, reserved 1101824K
  class space    used 7459K, capacity 7999K, committed 8012K, reserved 1048576K
}

