# JRE version: OpenJDK Runtime Environment (11.0.11+9) (build 11.0.11+9-b60-7590822)
# Java VM: OpenJDK 64-Bit Server VM (11.0.11+9-b60-7590822, mixed mode, tiered, compressed oops, g1 gc, windows-amd64)
Heap:
 garbage-first heap   total 262144K, used 157401K [0x0000000080000000, 0x0000000100000000)
  region size 1024K, 34 young (34816K), 5 survivors (5120K)
 Metaspace       used 120764K, capacity 124435K, committed 125356K, reserved 1157120K
  class space    used 15197K, capacity 16532K, committed 17100K, reserved 1048576K
GC Heap History (20 events):
Event: 3222.207 GC heap before
{Heap before GC invocations=36 (full 0):
 garbage-first heap   total 262144K, used 214405K [0x0000000080000000, 0x0000000100000000)
  region size 1024K, 92 young (94208K), 2 survivors (2048K)
 Metaspace       used 119045K, capacity 122190K, committed 124332K, reserved 1157120K
  class space    used 15026K, capacity 16221K, committed 17100K, reserved 1048576K
}
Event: 3222.213 GC heap after
{Heap after GC invocations=37 (full 0):
 garbage-first heap   total 262144K, used 104535K [0x0000000080000000, 0x0000000100000000)
  region size 1024K, 8 young (8192K), 8 survivors (8192K)
 Metaspace       used 119045K, capacity 122190K, committed 124332K, reserved 1157120K
  class space    used 15026K, capacity 16221K, committed 17100K, reserved 1048576K
}
Event: 3222.218 GC heap before
{Heap before GC invocations=37 (full 0):
 garbage-first heap   total 262144K, used 108631K [0x0000000080000000, 0x0000000100000000)
  region size 1024K, 12 young (12288K), 8 survivors (8192K)
 Metaspace       used 119045K, capacity 122190K, committed 124332K, reserved 1157120K
  class space    used 15026K, capacity 16221K, committed 17100K, reserved 1048576K
}
Event: 3222.229 GC heap after
{Heap after GC invocations=38 (full 0):
 garbage-first heap   total 262144K, used 94843K [0x0000000080000000, 0x0000000100000000)
  region size 1024K, 2 young (2048K), 2 survivors (2048K)
 Metaspace       used 119045K, capacity 122190K, committed 124332K, reserved 1157120K
  class space    used 15026K, capacity 16221K, committed 17100K, reserved 1048576K
}
Event: 4506.145 GC heap before
{Heap before GC invocations=38 (full 0):
 garbage-first heap   total 262144K, used 212603K [0x0000000080000000, 0x0000000100000000)
  region size 1024K, 109 young (111616K), 2 survivors (2048K)
 Metaspace       used 119243K, capacity 122476K, committed 124588K, reserved 1157120K
  class space    used 15029K, capacity 16224K, committed 17100K, reserved 1048576K
}
Event: 4506.155 GC heap after
{Heap after GC invocations=39 (full 0):
 garbage-first heap   total 262144K, used 106244K [0x0000000080000000, 0x0000000100000000)
  region size 1024K, 11 young (11264K), 11 survivors (11264K)
 Metaspace       used 119243K, capacity 122476K, committed 124588K, reserved 1157120K
  class space    used 15029K, capacity 16224K, committed 17100K, reserved 1048576K
}
Event: 4507.985 GC heap before
{Heap before GC invocations=39 (full 0):
 garbage-first heap   total 262144K, used 222980K [0x0000000080000000, 0x0000000100000000)
  region size 1024K, 109 young (111616K), 11 survivors (11264K)
 Metaspace       used 119373K, capacity 122543K, committed 124588K, reserved 1157120K
  class space    used 15029K, capacity 16224K, committed 17100K, reserved 1048576K
}
Event: 4507.996 GC heap after
{Heap after GC invocations=40 (full 0):
 garbage-first heap   total 262144K, used 110745K [0x0000000080000000, 0x0000000100000000)
  region size 1024K, 9 young (9216K), 9 survivors (9216K)
 Metaspace       used 119373K, capacity 122543K, committed 124588K, reserved 1157120K
  class space    used 15029K, capacity 16224K, committed 17100K, reserved 1048576K
}
Event: 4508.615 GC heap before
{Heap before GC invocations=40 (full 0):
 garbage-first heap   total 262144K, used 211097K [0x0000000080000000, 0x0000000100000000)
  region size 1024K, 104 young (106496K), 9 survivors (9216K)
 Metaspace       used 119605K, capacity 122756K, committed 124844K, reserved 1157120K
  class space    used 15029K, capacity 16224K, committed 17100K, reserved 1048576K
}
Event: 4508.620 GC heap after
{Heap after GC invocations=41 (full 0):
 garbage-first heap   total 262144K, used 108181K [0x0000000080000000, 0x0000000100000000)
  region size 1024K, 2 young (2048K), 2 survivors (2048K)
 Metaspace       used 119605K, capacity 122756K, committed 124844K, reserved 1157120K
  class space    used 15029K, capacity 16224K, committed 17100K, reserved 1048576K
}
Event: 4749.164 GC heap before
{Heap before GC invocations=41 (full 0):
 garbage-first heap   total 262144K, used 204437K [0x0000000080000000, 0x0000000100000000)
  region size 1024K, 88 young (90112K), 2 survivors (2048K)
 Metaspace       used 120189K, capacity 123625K, committed 125100K, reserved 1157120K
  class space    used 15106K, capacity 16364K, committed 17100K, reserved 1048576K
}
Event: 4749.196 GC heap after
{Heap after GC invocations=42 (full 0):
 garbage-first heap   total 262144K, used 128688K [0x0000000080000000, 0x0000000100000000)
  region size 1024K, 13 young (13312K), 13 survivors (13312K)
 Metaspace       used 120189K, capacity 123625K, committed 125100K, reserved 1157120K
  class space    used 15106K, capacity 16364K, committed 17100K, reserved 1048576K
}
Event: 4789.767 GC heap before
{Heap before GC invocations=43 (full 0):
 garbage-first heap   total 262144K, used 221872K [0x0000000080000000, 0x0000000100000000)
  region size 1024K, 85 young (87040K), 13 survivors (13312K)
 Metaspace       used 120663K, capacity 124241K, committed 125100K, reserved 1157120K
  class space    used 15197K, capacity 16532K, committed 17100K, reserved 1048576K
}
Event: 4789.781 GC heap after
{Heap after GC invocations=44 (full 0):
 garbage-first heap   total 262144K, used 129727K [0x0000000080000000, 0x0000000100000000)
  region size 1024K, 3 young (3072K), 3 survivors (3072K)
 Metaspace       used 120663K, capacity 124241K, committed 125100K, reserved 1157120K
  class space    used 15197K, capacity 16532K, committed 17100K, reserved 1048576K
}
Event: 4789.836 GC heap before
{Heap before GC invocations=44 (full 0):
 garbage-first heap   total 262144K, used 137919K [0x0000000080000000, 0x0000000100000000)
  region size 1024K, 12 young (12288K), 3 survivors (3072K)
 Metaspace       used 120674K, capacity 124306K, committed 125100K, reserved 1157120K
  class space    used 15197K, capacity 16532K, committed 17100K, reserved 1048576K
}
Event: 4789.849 GC heap after
{Heap after GC invocations=45 (full 0):
 garbage-first heap   total 262144K, used 109634K [0x0000000080000000, 0x0000000100000000)
  region size 1024K, 2 young (2048K), 2 survivors (2048K)
 Metaspace       used 120674K, capacity 124306K, committed 125100K, reserved 1157120K
  class space    used 15197K, capacity 16532K, committed 17100K, reserved 1048576K
}
Event: 4789.897 GC heap before
{Heap before GC invocations=45 (full 0):
 garbage-first heap   total 262144K, used 119874K [0x0000000080000000, 0x0000000100000000)
  region size 1024K, 12 young (12288K), 2 survivors (2048K)
 Metaspace       used 120689K, capacity 124370K, committed 125100K, reserved 1157120K
  class space    used 15197K, capacity 16532K, committed 17100K, reserved 1048576K
}
Event: 4789.908 GC heap after
{Heap after GC invocations=46 (full 0):
 garbage-first heap   total 262144K, used 109864K [0x0000000080000000, 0x0000000100000000)
  region size 1024K, 2 young (2048K), 2 survivors (2048K)
 Metaspace       used 120689K, capacity 124370K, committed 125100K, reserved 1157120K
  class space    used 15197K, capacity 16532K, committed 17100K, reserved 1048576K
}
Event: 4790.033 GC heap before
{Heap before GC invocations=46 (full 0):
 garbage-first heap   total 262144K, used 123176K [0x0000000080000000, 0x0000000100000000)
  region size 1024K, 17 young (17408K), 2 survivors (2048K)
 Metaspace       used 120750K, capacity 124435K, committed 125356K, reserved 1157120K
  class space    used 15197K, capacity 16532K, committed 17100K, reserved 1048576K
}
Event: 4790.048 GC heap after
{Heap after GC invocations=47 (full 0):
 garbage-first heap   total 262144K, used 112345K [0x0000000080000000, 0x0000000100000000)
  region size 1024K, 5 young (5120K), 5 survivors (5120K)
 Metaspace       used 120750K, capacity 124435K, committed 125356K, reserved 1157120K
  class space    used 15197K, capacity 16532K, committed 17100K, reserved 1048576K
}

