# JRE version: OpenJDK Runtime Environment (11.0.11+9) (build 11.0.11+9-b60-7590822)
# Java VM: OpenJDK 64-Bit Server VM (11.0.11+9-b60-7590822, mixed mode, tiered, compressed oops, g1 gc, windows-amd64)
Heap:
 garbage-first heap   total 262144K, used 165793K [0x0000000080000000, 0x0000000100000000)
  region size 1024K, 56 young (57344K), 11 survivors (11264K)
 Metaspace       used 118325K, capacity 121393K, committed 122288K, reserved 1155072K
  class space    used 14982K, capacity 16157K, committed 16560K, reserved 1048576K
GC Heap History (20 events):
Event: 1901.264 GC heap before
{Heap before GC invocations=19 (full 0):
 garbage-first heap   total 262144K, used 223070K [0x0000000080000000, 0x0000000100000000)
  region size 1024K, 110 young (112640K), 15 survivors (15360K)
 Metaspace       used 115381K, capacity 118812K, committed 118960K, reserved 1150976K
  class space    used 15131K, capacity 16475K, committed 16560K, reserved 1048576K
}
Event: 1901.283 GC heap after
{Heap after GC invocations=20 (full 0):
 garbage-first heap   total 262144K, used 111381K [0x0000000080000000, 0x0000000100000000)
  region size 1024K, 8 young (8192K), 8 survivors (8192K)
 Metaspace       used 115381K, capacity 118812K, committed 118960K, reserved 1150976K
  class space    used 15131K, capacity 16475K, committed 16560K, reserved 1048576K
}
Event: 4105.977 GC heap before
{Heap before GC invocations=20 (full 0):
 garbage-first heap   total 262144K, used 206613K [0x0000000080000000, 0x0000000100000000)
  region size 1024K, 100 young (102400K), 8 survivors (8192K)
 Metaspace       used 115660K, capacity 119093K, committed 119216K, reserved 1153024K
  class space    used 15132K, capacity 16477K, committed 16560K, reserved 1048576K
}
Event: 4106.002 GC heap after
{Heap after GC invocations=21 (full 0):
 garbage-first heap   total 262144K, used 128000K [0x0000000080000000, 0x0000000100000000)
  region size 1024K, 13 young (13312K), 13 survivors (13312K)
 Metaspace       used 115660K, capacity 119093K, committed 119216K, reserved 1153024K
  class space    used 15132K, capacity 16477K, committed 16560K, reserved 1048576K
}
Event: 4106.138 GC heap before
{Heap before GC invocations=21 (full 0):
 garbage-first heap   total 262144K, used 146432K [0x0000000080000000, 0x0000000100000000)
  region size 1024K, 30 young (30720K), 13 survivors (13312K)
 Metaspace       used 115677K, capacity 119093K, committed 119216K, reserved 1153024K
  class space    used 15132K, capacity 16477K, committed 16560K, reserved 1048576K
}
Event: 4106.189 GC heap after
{Heap after GC invocations=22 (full 0):
 garbage-first heap   total 262144K, used 137727K [0x0000000080000000, 0x0000000100000000)
  region size 1024K, 7 young (7168K), 7 survivors (7168K)
 Metaspace       used 115677K, capacity 119093K, committed 119216K, reserved 1153024K
  class space    used 15132K, capacity 16477K, committed 16560K, reserved 1048576K
}
Event: 4108.469 GC heap before
{Heap before GC invocations=23 (full 0):
 garbage-first heap   total 262144K, used 189951K [0x0000000080000000, 0x0000000100000000)
  region size 1024K, 52 young (53248K), 7 survivors (7168K)
 Metaspace       used 114913K, capacity 117769K, committed 119728K, reserved 1153024K
  class space    used 14836K, capacity 15936K, committed 16560K, reserved 1048576K
}
Event: 4108.482 GC heap after
{Heap after GC invocations=24 (full 0):
 garbage-first heap   total 262144K, used 131803K [0x0000000080000000, 0x0000000100000000)
  region size 1024K, 6 young (6144K), 6 survivors (6144K)
 Metaspace       used 114913K, capacity 117769K, committed 119728K, reserved 1153024K
  class space    used 14836K, capacity 15936K, committed 16560K, reserved 1048576K
}
Event: 4108.561 GC heap before
{Heap before GC invocations=24 (full 0):
 garbage-first heap   total 262144K, used 136923K [0x0000000080000000, 0x0000000100000000)
  region size 1024K, 12 young (12288K), 6 survivors (6144K)
 Metaspace       used 115061K, capacity 117998K, committed 119728K, reserved 1153024K
  class space    used 14854K, capacity 15969K, committed 16560K, reserved 1048576K
}
Event: 4108.575 GC heap after
{Heap after GC invocations=25 (full 0):
 garbage-first heap   total 262144K, used 108254K [0x0000000080000000, 0x0000000100000000)
  region size 1024K, 2 young (2048K), 2 survivors (2048K)
 Metaspace       used 115061K, capacity 117998K, committed 119728K, reserved 1153024K
  class space    used 14854K, capacity 15969K, committed 16560K, reserved 1048576K
}
Event: 4108.652 GC heap before
{Heap before GC invocations=25 (full 0):
 garbage-first heap   total 262144K, used 118494K [0x0000000080000000, 0x0000000100000000)
  region size 1024K, 12 young (12288K), 2 survivors (2048K)
 Metaspace       used 115109K, capacity 118062K, committed 119984K, reserved 1153024K
  class space    used 14854K, capacity 15969K, committed 16560K, reserved 1048576K
}
Event: 4108.666 GC heap after
{Heap after GC invocations=26 (full 0):
 garbage-first heap   total 262144K, used 99082K [0x0000000080000000, 0x0000000100000000)
  region size 1024K, 1 young (1024K), 1 survivors (1024K)
 Metaspace       used 115109K, capacity 118062K, committed 119984K, reserved 1153024K
  class space    used 14854K, capacity 15969K, committed 16560K, reserved 1048576K
}
Event: 4109.523 GC heap before
{Heap before GC invocations=26 (full 0):
 garbage-first heap   total 262144K, used 175882K [0x0000000080000000, 0x0000000100000000)
  region size 1024K, 73 young (74752K), 1 survivors (1024K)
 Metaspace       used 116233K, capacity 119127K, committed 120752K, reserved 1153024K
  class space    used 14903K, capacity 16022K, committed 16560K, reserved 1048576K
}
Event: 4109.534 GC heap after
{Heap after GC invocations=27 (full 0):
 garbage-first heap   total 262144K, used 108427K [0x0000000080000000, 0x0000000100000000)
  region size 1024K, 8 young (8192K), 8 survivors (8192K)
 Metaspace       used 116233K, capacity 119127K, committed 120752K, reserved 1153024K
  class space    used 14903K, capacity 16022K, committed 16560K, reserved 1048576K
}
Event: 4571.989 GC heap before
{Heap before GC invocations=27 (full 0):
 garbage-first heap   total 262144K, used 190347K [0x0000000080000000, 0x0000000100000000)
  region size 1024K, 80 young (81920K), 8 survivors (8192K)
 Metaspace       used 117422K, capacity 120406K, committed 121776K, reserved 1155072K
  class space    used 14923K, capacity 16049K, committed 16560K, reserved 1048576K
}
Event: 4571.992 GC heap after
{Heap after GC invocations=28 (full 0):
 garbage-first heap   total 262144K, used 100704K [0x0000000080000000, 0x0000000100000000)
  region size 1024K, 1 young (1024K), 1 survivors (1024K)
 Metaspace       used 117422K, capacity 120406K, committed 121776K, reserved 1155072K
  class space    used 14923K, capacity 16049K, committed 16560K, reserved 1048576K
}
Event: 4851.270 GC heap before
{Heap before GC invocations=28 (full 0):
 garbage-first heap   total 262144K, used 203104K [0x0000000080000000, 0x0000000100000000)
  region size 1024K, 85 young (87040K), 1 survivors (1024K)
 Metaspace       used 117937K, capacity 121158K, committed 122032K, reserved 1155072K
  class space    used 14980K, capacity 16153K, committed 16560K, reserved 1048576K
}
Event: 4851.279 GC heap after
{Heap after GC invocations=29 (full 0):
 garbage-first heap   total 262144K, used 107012K [0x0000000080000000, 0x0000000100000000)
  region size 1024K, 8 young (8192K), 8 survivors (8192K)
 Metaspace       used 117937K, capacity 121158K, committed 122032K, reserved 1155072K
  class space    used 14980K, capacity 16153K, committed 16560K, reserved 1048576K
}
Event: 4854.126 GC heap before
{Heap before GC invocations=29 (full 0):
 garbage-first heap   total 262144K, used 193028K [0x0000000080000000, 0x0000000100000000)
  region size 1024K, 91 young (93184K), 8 survivors (8192K)
 Metaspace       used 118172K, capacity 121290K, committed 122288K, reserved 1155072K
  class space    used 14980K, capacity 16153K, committed 16560K, reserved 1048576K
}
Event: 4854.143 GC heap after
{Heap after GC invocations=30 (full 0):
 garbage-first heap   total 262144K, used 119713K [0x0000000080000000, 0x0000000100000000)
  region size 1024K, 11 young (11264K), 11 survivors (11264K)
 Metaspace       used 118172K, capacity 121290K, committed 122288K, reserved 1155072K
  class space    used 14980K, capacity 16153K, committed 16560K, reserved 1048576K
}

