# JRE version: OpenJDK Runtime Environment (11.0.11+9) (build 11.0.11+9-b60-7590822)
# Java VM: OpenJDK 64-Bit Server VM (11.0.11+9-b60-7590822, mixed mode, tiered, compressed oops, g1 gc, windows-amd64)
Heap:
 garbage-first heap   total 262144K, used 155235K [0x0000000080000000, 0x0000000100000000)
  region size 1024K, 12 young (12288K), 2 survivors (2048K)
 Metaspace       used 126271K, capacity 130639K, committed 130864K, reserved 1161216K
  class space    used 16529K, capacity 18166K, committed 18312K, reserved 1048576K
GC Heap History (20 events):
Event: 25.266 GC heap before
{Heap before GC invocations=30 (full 0):
 garbage-first heap   total 262144K, used 216941K [0x0000000080000000, 0x0000000100000000)
  region size 1024K, 113 young (115712K), 11 survivors (11264K)
 Metaspace       used 90631K, capacity 93316K, committed 93608K, reserved 1130496K
  class space    used 11710K, capacity 12686K, committed 12800K, reserved 1048576K
}
Event: 25.274 GC heap after
{Heap after GC invocations=31 (full 0):
 garbage-first heap   total 262144K, used 113019K [0x0000000080000000, 0x0000000100000000)
  region size 1024K, 5 young (5120K), 5 survivors (5120K)
 Metaspace       used 90631K, capacity 93316K, committed 93608K, reserved 1130496K
  class space    used 11710K, capacity 12686K, committed 12800K, reserved 1048576K
}
Event: 26.267 GC heap before
{Heap before GC invocations=31 (full 0):
 garbage-first heap   total 262144K, used 218491K [0x0000000080000000, 0x0000000100000000)
  region size 1024K, 108 young (110592K), 5 survivors (5120K)
 Metaspace       used 94912K, capacity 97790K, committed 97832K, reserved 1134592K
  class space    used 12313K, capacity 13419K, committed 13440K, reserved 1048576K
}
Event: 26.271 GC heap after
{Heap after GC invocations=32 (full 0):
 garbage-first heap   total 262144K, used 109514K [0x0000000080000000, 0x0000000100000000)
  region size 1024K, 4 young (4096K), 4 survivors (4096K)
 Metaspace       used 94912K, capacity 97790K, committed 97832K, reserved 1134592K
  class space    used 12313K, capacity 13419K, committed 13440K, reserved 1048576K
}
Event: 64.817 GC heap before
{Heap before GC invocations=32 (full 0):
 garbage-first heap   total 262144K, used 218058K [0x0000000080000000, 0x0000000100000000)
  region size 1024K, 111 young (113664K), 4 survivors (4096K)
 Metaspace       used 100383K, capacity 103661K, committed 103848K, reserved 1138688K
  class space    used 13021K, capacity 14240K, committed 14336K, reserved 1048576K
}
Event: 64.828 GC heap after
{Heap after GC invocations=33 (full 0):
 garbage-first heap   total 262144K, used 118599K [0x0000000080000000, 0x0000000100000000)
  region size 1024K, 13 young (13312K), 13 survivors (13312K)
 Metaspace       used 100383K, capacity 103661K, committed 103848K, reserved 1138688K
  class space    used 13021K, capacity 14240K, committed 14336K, reserved 1048576K
}
Event: 134.102 GC heap before
{Heap before GC invocations=33 (full 0):
 garbage-first heap   total 262144K, used 216903K [0x0000000080000000, 0x0000000100000000)
  region size 1024K, 110 young (112640K), 13 survivors (13312K)
 Metaspace       used 101671K, capacity 105104K, committed 105256K, reserved 1140736K
  class space    used 13159K, capacity 14393K, committed 14464K, reserved 1048576K
}
Event: 134.115 GC heap after
{Heap after GC invocations=34 (full 0):
 garbage-first heap   total 262144K, used 119935K [0x0000000080000000, 0x0000000100000000)
  region size 1024K, 6 young (6144K), 6 survivors (6144K)
 Metaspace       used 101671K, capacity 105104K, committed 105256K, reserved 1140736K
  class space    used 13159K, capacity 14393K, committed 14464K, reserved 1048576K
}
Event: 326.913 GC heap before
{Heap before GC invocations=34 (full 0):
 garbage-first heap   total 262144K, used 219263K [0x0000000080000000, 0x0000000100000000)
  region size 1024K, 102 young (104448K), 6 survivors (6144K)
 Metaspace       used 109540K, capacity 113207K, committed 113448K, reserved 1146880K
  class space    used 14093K, capacity 15456K, committed 15488K, reserved 1048576K
}
Event: 326.925 GC heap after
{Heap after GC invocations=35 (full 0):
 garbage-first heap   total 262144K, used 132096K [0x0000000080000000, 0x0000000100000000)
  region size 1024K, 13 young (13312K), 13 survivors (13312K)
 Metaspace       used 109540K, capacity 113207K, committed 113448K, reserved 1146880K
  class space    used 14093K, capacity 15456K, committed 15488K, reserved 1048576K
}
Event: 328.206 GC heap before
{Heap before GC invocations=35 (full 0):
 garbage-first heap   total 262144K, used 210944K [0x0000000080000000, 0x0000000100000000)
  region size 1024K, 92 young (94208K), 13 survivors (13312K)
 Metaspace       used 117052K, capacity 121131K, committed 121240K, reserved 1153024K
  class space    used 15223K, capacity 16795K, committed 16880K, reserved 1048576K
}
Event: 328.229 GC heap after
{Heap after GC invocations=36 (full 0):
 garbage-first heap   total 262144K, used 139408K [0x0000000080000000, 0x0000000100000000)
  region size 1024K, 9 young (9216K), 9 survivors (9216K)
 Metaspace       used 117052K, capacity 121131K, committed 121240K, reserved 1153024K
  class space    used 15223K, capacity 16795K, committed 16880K, reserved 1048576K
}
Event: 329.221 GC heap before
{Heap before GC invocations=37 (full 0):
 garbage-first heap   total 262144K, used 215184K [0x0000000080000000, 0x0000000100000000)
  region size 1024K, 84 young (86016K), 9 survivors (9216K)
 Metaspace       used 124761K, capacity 129111K, committed 129456K, reserved 1161216K
  class space    used 16356K, capacity 18010K, committed 18184K, reserved 1048576K
}
Event: 329.234 GC heap after
{Heap after GC invocations=38 (full 0):
 garbage-first heap   total 262144K, used 142638K [0x0000000080000000, 0x0000000100000000)
  region size 1024K, 5 young (5120K), 5 survivors (5120K)
 Metaspace       used 124761K, capacity 129111K, committed 129456K, reserved 1161216K
  class space    used 16356K, capacity 18010K, committed 18184K, reserved 1048576K
}
Event: 577.680 GC heap before
{Heap before GC invocations=39 (full 0):
 garbage-first heap   total 262144K, used 224558K [0x0000000080000000, 0x0000000100000000)
  region size 1024K, 79 young (80896K), 5 survivors (5120K)
 Metaspace       used 126178K, capacity 130511K, committed 130864K, reserved 1161216K
  class space    used 16529K, capacity 18166K, committed 18312K, reserved 1048576K
}
Event: 577.689 GC heap after
{Heap after GC invocations=40 (full 0):
 garbage-first heap   total 262144K, used 147727K [0x0000000080000000, 0x0000000100000000)
  region size 1024K, 10 young (10240K), 10 survivors (10240K)
 Metaspace       used 126178K, capacity 130511K, committed 130864K, reserved 1161216K
  class space    used 16529K, capacity 18166K, committed 18312K, reserved 1048576K
}
Event: 577.710 GC heap before
{Heap before GC invocations=40 (full 0):
 garbage-first heap   total 262144K, used 149775K [0x0000000080000000, 0x0000000100000000)
  region size 1024K, 12 young (12288K), 10 survivors (10240K)
 Metaspace       used 126184K, capacity 130511K, committed 130864K, reserved 1161216K
  class space    used 16529K, capacity 18166K, committed 18312K, reserved 1048576K
}
Event: 577.719 GC heap after
{Heap after GC invocations=41 (full 0):
 garbage-first heap   total 262144K, used 144280K [0x0000000080000000, 0x0000000100000000)
  region size 1024K, 2 young (2048K), 2 survivors (2048K)
 Metaspace       used 126184K, capacity 130511K, committed 130864K, reserved 1161216K
  class space    used 16529K, capacity 18166K, committed 18312K, reserved 1048576K
}
Event: 577.777 GC heap before
{Heap before GC invocations=41 (full 0):
 garbage-first heap   total 262144K, used 144280K [0x0000000080000000, 0x0000000100000000)
  region size 1024K, 4 young (4096K), 2 survivors (2048K)
 Metaspace       used 126263K, capacity 130639K, committed 130864K, reserved 1161216K
  class space    used 16529K, capacity 18166K, committed 18312K, reserved 1048576K
}
Event: 577.782 GC heap after
{Heap after GC invocations=42 (full 0):
 garbage-first heap   total 262144K, used 143971K [0x0000000080000000, 0x0000000100000000)
  region size 1024K, 2 young (2048K), 2 survivors (2048K)
 Metaspace       used 126263K, capacity 130639K, committed 130864K, reserved 1161216K
  class space    used 16529K, capacity 18166K, committed 18312K, reserved 1048576K
}

