# JRE version: OpenJDK Runtime Environment (11.0.11+9) (build 11.0.11+9-b60-7590822)
# Java VM: OpenJDK 64-Bit Server VM (11.0.11+9-b60-7590822, mixed mode, tiered, compressed oops, g1 gc, windows-amd64)
Heap:
 garbage-first heap   total 262144K, used 101291K [0x0000000080000000, 0x0000000100000000)
  region size 1024K, 48 young (49152K), 9 survivors (9216K)
 Metaspace       used 80181K, capacity 82218K, committed 82416K, reserved 1120256K
  class space    used 10541K, capacity 11344K, committed 11416K, reserved 1048576K
GC Heap History (18 events):
Event: 0.619 GC heap before
{Heap before GC invocations=0 (full 0):
 garbage-first heap   total 262144K, used 29696K [0x0000000080000000, 0x0000000100000000)
  region size 1024K, 24 young (24576K), 0 survivors (0K)
 Metaspace       used 10239K, capacity 10485K, committed 10624K, reserved 1058816K
  class space    used 1070K, capacity 1139K, committed 1152K, reserved 1048576K
}
Event: 0.623 GC heap after
{Heap after GC invocations=1 (full 0):
 garbage-first heap   total 262144K, used 9467K [0x0000000080000000, 0x0000000100000000)
  region size 1024K, 3 young (3072K), 3 survivors (3072K)
 Metaspace       used 10239K, capacity 10485K, committed 10624K, reserved 1058816K
  class space    used 1070K, capacity 1139K, committed 1152K, reserved 1048576K
}
Event: 2.121 GC heap before
{Heap before GC invocations=1 (full 0):
 garbage-first heap   total 262144K, used 107771K [0x0000000080000000, 0x0000000100000000)
  region size 1024K, 100 young (102400K), 3 survivors (3072K)
 Metaspace       used 20620K, capacity 21100K, committed 21296K, reserved 1069056K
  class space    used 2531K, capacity 2660K, committed 2688K, reserved 1048576K
}
Event: 2.131 GC heap after
{Heap after GC invocations=2 (full 0):
 garbage-first heap   total 262144K, used 16861K [0x0000000080000000, 0x0000000100000000)
  region size 1024K, 11 young (11264K), 11 survivors (11264K)
 Metaspace       used 20620K, capacity 21100K, committed 21296K, reserved 1069056K
  class space    used 2531K, capacity 2660K, committed 2688K, reserved 1048576K
}
Event: 2.473 GC heap before
{Heap before GC invocations=3 (full 0):
 garbage-first heap   total 262144K, used 55773K [0x0000000080000000, 0x0000000100000000)
  region size 1024K, 49 young (50176K), 11 survivors (11264K)
 Metaspace       used 24530K, capacity 25188K, committed 25392K, reserved 1071104K
  class space    used 3156K, capacity 3368K, committed 3456K, reserved 1048576K
}
Event: 2.479 GC heap after
{Heap after GC invocations=4 (full 0):
 garbage-first heap   total 262144K, used 18284K [0x0000000080000000, 0x0000000100000000)
  region size 1024K, 2 young (2048K), 2 survivors (2048K)
 Metaspace       used 24530K, capacity 25188K, committed 25392K, reserved 1071104K
  class space    used 3156K, capacity 3368K, committed 3456K, reserved 1048576K
}
Event: 3.381 GC heap before
{Heap before GC invocations=4 (full 0):
 garbage-first heap   total 262144K, used 90988K [0x0000000080000000, 0x0000000100000000)
  region size 1024K, 74 young (75776K), 2 survivors (2048K)
 Metaspace       used 34892K, capacity 35644K, committed 35708K, reserved 1081344K
  class space    used 4542K, capacity 4861K, committed 4864K, reserved 1048576K
}
Event: 3.389 GC heap after
{Heap after GC invocations=5 (full 0):
 garbage-first heap   total 262144K, used 22104K [0x0000000080000000, 0x0000000100000000)
  region size 1024K, 6 young (6144K), 6 survivors (6144K)
 Metaspace       used 34892K, capacity 35644K, committed 35708K, reserved 1081344K
  class space    used 4542K, capacity 4861K, committed 4864K, reserved 1048576K
}
Event: 5.047 GC heap before
{Heap before GC invocations=6 (full 0):
 garbage-first heap   total 262144K, used 144984K [0x0000000080000000, 0x0000000100000000)
  region size 1024K, 123 young (125952K), 6 survivors (6144K)
 Metaspace       used 44891K, capacity 45820K, committed 46024K, reserved 1089536K
  class space    used 5763K, capacity 6128K, committed 6220K, reserved 1048576K
}
Event: 5.060 GC heap after
{Heap after GC invocations=7 (full 0):
 garbage-first heap   total 262144K, used 29120K [0x0000000080000000, 0x0000000100000000)
  region size 1024K, 13 young (13312K), 13 survivors (13312K)
 Metaspace       used 44891K, capacity 45820K, committed 46024K, reserved 1089536K
  class space    used 5763K, capacity 6128K, committed 6220K, reserved 1048576K
}
Event: 7.148 GC heap before
{Heap before GC invocations=7 (full 0):
 garbage-first heap   total 262144K, used 168384K [0x0000000080000000, 0x0000000100000000)
  region size 1024K, 145 young (148480K), 13 survivors (13312K)
 Metaspace       used 55152K, capacity 56391K, committed 56648K, reserved 1097728K
  class space    used 7018K, capacity 7503K, committed 7628K, reserved 1048576K
}
Event: 7.166 GC heap after
{Heap after GC invocations=8 (full 0):
 garbage-first heap   total 262144K, used 44192K [0x0000000080000000, 0x0000000100000000)
  region size 1024K, 17 young (17408K), 17 survivors (17408K)
 Metaspace       used 55152K, capacity 56391K, committed 56648K, reserved 1097728K
  class space    used 7018K, capacity 7503K, committed 7628K, reserved 1048576K
}
Event: 7.565 GC heap before
{Heap before GC invocations=8 (full 0):
 garbage-first heap   total 262144K, used 66720K [0x0000000080000000, 0x0000000100000000)
  region size 1024K, 40 young (40960K), 17 survivors (17408K)
 Metaspace       used 58644K, capacity 59998K, committed 60068K, reserved 1101824K
  class space    used 7473K, capacity 7999K, committed 8012K, reserved 1048576K
}
Event: 7.584 GC heap after
{Heap after GC invocations=9 (full 0):
 garbage-first heap   total 262144K, used 46760K [0x0000000080000000, 0x0000000100000000)
  region size 1024K, 3 young (3072K), 3 survivors (3072K)
 Metaspace       used 58644K, capacity 59998K, committed 60068K, reserved 1101824K
  class space    used 7473K, capacity 7999K, committed 8012K, reserved 1048576K
}
Event: 10.554 GC heap before
{Heap before GC invocations=10 (full 0):
 garbage-first heap   total 262144K, used 171688K [0x0000000080000000, 0x0000000100000000)
  region size 1024K, 125 young (128000K), 3 survivors (3072K)
 Metaspace       used 68532K, capacity 70153K, committed 70384K, reserved 1110016K
  class space    used 8890K, capacity 9492K, committed 9624K, reserved 1048576K
}
Event: 10.565 GC heap after
{Heap after GC invocations=11 (full 0):
 garbage-first heap   total 262144K, used 54479K [0x0000000080000000, 0x0000000100000000)
  region size 1024K, 11 young (11264K), 11 survivors (11264K)
 Metaspace       used 68532K, capacity 70153K, committed 70384K, reserved 1110016K
  class space    used 8890K, capacity 9492K, committed 9624K, reserved 1048576K
}
Event: 12.817 GC heap before
{Heap before GC invocations=12 (full 0):
 garbage-first heap   total 262144K, used 180431K [0x0000000080000000, 0x0000000100000000)
  region size 1024K, 134 young (137216K), 11 survivors (11264K)
 Metaspace       used 79881K, capacity 81897K, committed 82160K, reserved 1120256K
  class space    used 10530K, capacity 11330K, committed 11416K, reserved 1048576K
}
Event: 12.833 GC heap after
{Heap after GC invocations=13 (full 0):
 garbage-first heap   total 262144K, used 63403K [0x0000000080000000, 0x0000000100000000)
  region size 1024K, 9 young (9216K), 9 survivors (9216K)
 Metaspace       used 79881K, capacity 81897K, committed 82160K, reserved 1120256K
  class space    used 10530K, capacity 11330K, committed 11416K, reserved 1048576K
}

